2018-06-02 16:17:23.326377: I tensorflow/core/platform/cpu_feature_guard.cc:140] Your CPU supports instructions that this TensorFlow binary was not compiled to use: AVX2 FMA
2018-06-02 16:17:26.411510: I tensorflow/stream_executor/cuda/cuda_gpu_executor.cc:898] successful NUMA node read from SysFS had negative value (-1), but there must be at least one NUMA node, so returning NUMA node zero
2018-06-02 16:17:26.411863: I tensorflow/core/common_runtime/gpu/gpu_device.cc:1344] Found device 0 with properties: 
name: Tesla K80 major: 3 minor: 7 memoryClockRate(GHz): 0.8235
pciBusID: 0000:00:1e.0
totalMemory: 11.17GiB freeMemory: 11.10GiB
2018-06-02 16:17:26.411887: I tensorflow/core/common_runtime/gpu/gpu_device.cc:1423] Adding visible gpu devices: 0
2018-06-02 16:17:26.700983: I tensorflow/core/common_runtime/gpu/gpu_device.cc:911] Device interconnect StreamExecutor with strength 1 edge matrix:
2018-06-02 16:17:26.701040: I tensorflow/core/common_runtime/gpu/gpu_device.cc:917]      0 
2018-06-02 16:17:26.701050: I tensorflow/core/common_runtime/gpu/gpu_device.cc:930] 0:   N 
2018-06-02 16:17:26.701363: I tensorflow/core/common_runtime/gpu/gpu_device.cc:1041] Created TensorFlow device (/device:GPU:0 with 10764 MB memory) -> physical GPU (device: 0, name: Tesla K80, pci bus id: 0000:00:1e.0, compute capability: 3.7)
WARNING:tensorflow:From /home/ubuntu/anaconda3/lib/python3.6/site-packages/tensorflow/contrib/learn/python/learn/datasets/base.py:198: retry (from tensorflow.contrib.learn.python.learn.datasets.base) is deprecated and will be removed in a future version.
Instructions for updating:
Use the retry module or similar alternatives.
2018-06-02 16:17:29.801376: I tensorflow/core/common_runtime/gpu/gpu_device.cc:1423] Adding visible gpu devices: 0
2018-06-02 16:17:29.801453: I tensorflow/core/common_runtime/gpu/gpu_device.cc:911] Device interconnect StreamExecutor with strength 1 edge matrix:
2018-06-02 16:17:29.801464: I tensorflow/core/common_runtime/gpu/gpu_device.cc:917]      0 
2018-06-02 16:17:29.801472: I tensorflow/core/common_runtime/gpu/gpu_device.cc:930] 0:   N 
2018-06-02 16:17:29.801622: I tensorflow/core/common_runtime/gpu/gpu_device.cc:1041] Created TensorFlow device (/device:GPU:0 with 10764 MB memory) -> physical GPU (device: 0, name: Tesla K80, pci bus id: 0000:00:1e.0, compute capability: 3.7)
INFO:tensorflow:Replicating the `model_fn` across ['/device:GPU:0'].  Variables are going to be placed on ['/device:GPU:0'].  Consolidation device is going to be /device:GPU:0.
INFO:tensorflow:Using config: {'_model_dir': './results/comp_preprocessing/180603_3000_resnet_152_v2_ratio-crop_flip', '_tf_random_seed': None, '_save_summary_steps': 100, '_save_checkpoints_steps': None, '_save_checkpoints_secs': 1000000000.0, '_session_config': allow_soft_placement: true
, '_keep_checkpoint_max': 5, '_keep_checkpoint_every_n_hours': 10000, '_log_step_count_steps': 100, '_service': None, '_cluster_spec': <tensorflow.python.training.server_lib.ClusterSpec object at 0x7f810ec32128>, '_task_type': 'worker', '_task_id': 0, '_global_id_in_cluster': 0, '_master': '', '_evaluation_master': '', '_is_chief': True, '_num_ps_replicas': 0, '_num_worker_replicas': 1}
INFO:tensorflow:Calling model_fn.
INFO:tensorflow:Done calling model_fn.
INFO:tensorflow:Create CheckpointSaverHook.
INFO:tensorflow:Graph was finalized.
2018-06-02 16:17:45.746887: I tensorflow/core/common_runtime/gpu/gpu_device.cc:1423] Adding visible gpu devices: 0
2018-06-02 16:17:45.746952: I tensorflow/core/common_runtime/gpu/gpu_device.cc:911] Device interconnect StreamExecutor with strength 1 edge matrix:
2018-06-02 16:17:45.746962: I tensorflow/core/common_runtime/gpu/gpu_device.cc:917]      0 
2018-06-02 16:17:45.746970: I tensorflow/core/common_runtime/gpu/gpu_device.cc:930] 0:   N 
2018-06-02 16:17:45.747105: I tensorflow/core/common_runtime/gpu/gpu_device.cc:1041] Created TensorFlow device (/job:localhost/replica:0/task:0/device:GPU:0 with 10764 MB memory) -> physical GPU (device: 0, name: Tesla K80, pci bus id: 0000:00:1e.0, compute capability: 3.7)
INFO:tensorflow:Running local_init_op.
INFO:tensorflow:Done running local_init_op.
INFO:tensorflow:Saving checkpoints for 1 into ./results/comp_preprocessing/180603_3000_resnet_152_v2_ratio-crop_flip/model.ckpt.
INFO:tensorflow:learning_rate = 0.0125, cross_entropy = 2.297443, train_accuracy = 0.0625
INFO:tensorflow:loss = 5.228119, step = 0
INFO:tensorflow:Saving checkpoints for 84 into ./results/comp_preprocessing/180603_3000_resnet_152_v2_ratio-crop_flip/model.ckpt.
INFO:tensorflow:Loss for final step: 3.347355.
INFO:tensorflow:Calling model_fn.
INFO:tensorflow:Done calling model_fn.
INFO:tensorflow:Starting evaluation at 2018-06-02-16:20:51
INFO:tensorflow:Graph was finalized.
2018-06-02 16:20:53.078512: I tensorflow/core/common_runtime/gpu/gpu_device.cc:1423] Adding visible gpu devices: 0
2018-06-02 16:20:53.078579: I tensorflow/core/common_runtime/gpu/gpu_device.cc:911] Device interconnect StreamExecutor with strength 1 edge matrix:
2018-06-02 16:20:53.078590: I tensorflow/core/common_runtime/gpu/gpu_device.cc:917]      0 
2018-06-02 16:20:53.078597: I tensorflow/core/common_runtime/gpu/gpu_device.cc:930] 0:   N 
2018-06-02 16:20:53.078749: I tensorflow/core/common_runtime/gpu/gpu_device.cc:1041] Created TensorFlow device (/job:localhost/replica:0/task:0/device:GPU:0 with 10764 MB memory) -> physical GPU (device: 0, name: Tesla K80, pci bus id: 0000:00:1e.0, compute capability: 3.7)
INFO:tensorflow:Restoring parameters from ./results/comp_preprocessing/180603_3000_resnet_152_v2_ratio-crop_flip/model.ckpt-84
INFO:tensorflow:Running local_init_op.
INFO:tensorflow:Done running local_init_op.
INFO:tensorflow:Finished evaluation at 2018-06-02-16:21:06
INFO:tensorflow:Saving dict for global step 84: accuracy = 0.2048611, global_step = 84, loss = 48250916.0
INFO:tensorflow:Calling model_fn.
INFO:tensorflow:Done calling model_fn.
INFO:tensorflow:Create CheckpointSaverHook.
INFO:tensorflow:Graph was finalized.
2018-06-02 16:21:22.351400: I tensorflow/core/common_runtime/gpu/gpu_device.cc:1423] Adding visible gpu devices: 0
2018-06-02 16:21:22.351462: I tensorflow/core/common_runtime/gpu/gpu_device.cc:911] Device interconnect StreamExecutor with strength 1 edge matrix:
2018-06-02 16:21:22.351473: I tensorflow/core/common_runtime/gpu/gpu_device.cc:917]      0 
2018-06-02 16:21:22.351481: I tensorflow/core/common_runtime/gpu/gpu_device.cc:930] 0:   N 
2018-06-02 16:21:22.351615: I tensorflow/core/common_runtime/gpu/gpu_device.cc:1041] Created TensorFlow device (/job:localhost/replica:0/task:0/device:GPU:0 with 10764 MB memory) -> physical GPU (device: 0, name: Tesla K80, pci bus id: 0000:00:1e.0, compute capability: 3.7)
INFO:tensorflow:Restoring parameters from ./results/comp_preprocessing/180603_3000_resnet_152_v2_ratio-crop_flip/model.ckpt-84
INFO:tensorflow:Running local_init_op.
INFO:tensorflow:Done running local_init_op.
INFO:tensorflow:Saving checkpoints for 85 into ./results/comp_preprocessing/180603_3000_resnet_152_v2_ratio-crop_flip/model.ckpt.
INFO:tensorflow:learning_rate = 0.0125, cross_entropy = 0.71346146, train_accuracy = 0.71875
INFO:tensorflow:loss = 3.7814817, step = 84
INFO:tensorflow:Saving checkpoints for 168 into ./results/comp_preprocessing/180603_3000_resnet_152_v2_ratio-crop_flip/model.ckpt.
INFO:tensorflow:Loss for final step: 3.71084.
INFO:tensorflow:Calling model_fn.
INFO:tensorflow:Done calling model_fn.
INFO:tensorflow:Starting evaluation at 2018-06-02-16:24:22
INFO:tensorflow:Graph was finalized.
2018-06-02 16:24:24.418072: I tensorflow/core/common_runtime/gpu/gpu_device.cc:1423] Adding visible gpu devices: 0
2018-06-02 16:24:24.418137: I tensorflow/core/common_runtime/gpu/gpu_device.cc:911] Device interconnect StreamExecutor with strength 1 edge matrix:
2018-06-02 16:24:24.418148: I tensorflow/core/common_runtime/gpu/gpu_device.cc:917]      0 
2018-06-02 16:24:24.418155: I tensorflow/core/common_runtime/gpu/gpu_device.cc:930] 0:   N 
2018-06-02 16:24:24.418289: I tensorflow/core/common_runtime/gpu/gpu_device.cc:1041] Created TensorFlow device (/job:localhost/replica:0/task:0/device:GPU:0 with 10764 MB memory) -> physical GPU (device: 0, name: Tesla K80, pci bus id: 0000:00:1e.0, compute capability: 3.7)
INFO:tensorflow:Restoring parameters from ./results/comp_preprocessing/180603_3000_resnet_152_v2_ratio-crop_flip/model.ckpt-168
INFO:tensorflow:Running local_init_op.
INFO:tensorflow:Done running local_init_op.
INFO:tensorflow:Finished evaluation at 2018-06-02-16:24:38
INFO:tensorflow:Saving dict for global step 168: accuracy = 0.2048611, global_step = 168, loss = 126991.11
INFO:tensorflow:Calling model_fn.
INFO:tensorflow:Done calling model_fn.
INFO:tensorflow:Create CheckpointSaverHook.
INFO:tensorflow:Graph was finalized.
2018-06-02 16:24:52.190334: I tensorflow/core/common_runtime/gpu/gpu_device.cc:1423] Adding visible gpu devices: 0
2018-06-02 16:24:52.190418: I tensorflow/core/common_runtime/gpu/gpu_device.cc:911] Device interconnect StreamExecutor with strength 1 edge matrix:
2018-06-02 16:24:52.190435: I tensorflow/core/common_runtime/gpu/gpu_device.cc:917]      0 
2018-06-02 16:24:52.190447: I tensorflow/core/common_runtime/gpu/gpu_device.cc:930] 0:   N 
2018-06-02 16:24:52.190621: I tensorflow/core/common_runtime/gpu/gpu_device.cc:1041] Created TensorFlow device (/job:localhost/replica:0/task:0/device:GPU:0 with 10764 MB memory) -> physical GPU (device: 0, name: Tesla K80, pci bus id: 0000:00:1e.0, compute capability: 3.7)
INFO:tensorflow:Restoring parameters from ./results/comp_preprocessing/180603_3000_resnet_152_v2_ratio-crop_flip/model.ckpt-168
INFO:tensorflow:Running local_init_op.
INFO:tensorflow:Done running local_init_op.
INFO:tensorflow:Saving checkpoints for 169 into ./results/comp_preprocessing/180603_3000_resnet_152_v2_ratio-crop_flip/model.ckpt.
INFO:tensorflow:learning_rate = 0.0125, cross_entropy = 0.19865552, train_accuracy = 0.96875
INFO:tensorflow:loss = 3.261199, step = 168
INFO:tensorflow:Saving checkpoints for 252 into ./results/comp_preprocessing/180603_3000_resnet_152_v2_ratio-crop_flip/model.ckpt.
INFO:tensorflow:Loss for final step: 3.503058.
INFO:tensorflow:Calling model_fn.
INFO:tensorflow:Done calling model_fn.
INFO:tensorflow:Starting evaluation at 2018-06-02-16:27:52
INFO:tensorflow:Graph was finalized.
2018-06-02 16:27:54.104971: I tensorflow/core/common_runtime/gpu/gpu_device.cc:1423] Adding visible gpu devices: 0
2018-06-02 16:27:54.105035: I tensorflow/core/common_runtime/gpu/gpu_device.cc:911] Device interconnect StreamExecutor with strength 1 edge matrix:
2018-06-02 16:27:54.105046: I tensorflow/core/common_runtime/gpu/gpu_device.cc:917]      0 
2018-06-02 16:27:54.105054: I tensorflow/core/common_runtime/gpu/gpu_device.cc:930] 0:   N 
2018-06-02 16:27:54.105214: I tensorflow/core/common_runtime/gpu/gpu_device.cc:1041] Created TensorFlow device (/job:localhost/replica:0/task:0/device:GPU:0 with 10764 MB memory) -> physical GPU (device: 0, name: Tesla K80, pci bus id: 0000:00:1e.0, compute capability: 3.7)
INFO:tensorflow:Restoring parameters from ./results/comp_preprocessing/180603_3000_resnet_152_v2_ratio-crop_flip/model.ckpt-252
INFO:tensorflow:Running local_init_op.
INFO:tensorflow:Done running local_init_op.
INFO:tensorflow:Finished evaluation at 2018-06-02-16:28:07
INFO:tensorflow:Saving dict for global step 252: accuracy = 0.2048611, global_step = 252, loss = 7472.5547
INFO:tensorflow:Calling model_fn.
INFO:tensorflow:Done calling model_fn.
INFO:tensorflow:Create CheckpointSaverHook.
INFO:tensorflow:Graph was finalized.
2018-06-02 16:28:21.864969: I tensorflow/core/common_runtime/gpu/gpu_device.cc:1423] Adding visible gpu devices: 0
2018-06-02 16:28:21.865034: I tensorflow/core/common_runtime/gpu/gpu_device.cc:911] Device interconnect StreamExecutor with strength 1 edge matrix:
2018-06-02 16:28:21.865045: I tensorflow/core/common_runtime/gpu/gpu_device.cc:917]      0 
2018-06-02 16:28:21.865052: I tensorflow/core/common_runtime/gpu/gpu_device.cc:930] 0:   N 
2018-06-02 16:28:21.865213: I tensorflow/core/common_runtime/gpu/gpu_device.cc:1041] Created TensorFlow device (/job:localhost/replica:0/task:0/device:GPU:0 with 10764 MB memory) -> physical GPU (device: 0, name: Tesla K80, pci bus id: 0000:00:1e.0, compute capability: 3.7)
INFO:tensorflow:Restoring parameters from ./results/comp_preprocessing/180603_3000_resnet_152_v2_ratio-crop_flip/model.ckpt-252
INFO:tensorflow:Running local_init_op.
INFO:tensorflow:Done running local_init_op.
INFO:tensorflow:Saving checkpoints for 253 into ./results/comp_preprocessing/180603_3000_resnet_152_v2_ratio-crop_flip/model.ckpt.
INFO:tensorflow:learning_rate = 0.0125, cross_entropy = 0.25337085, train_accuracy = 0.9375
INFO:tensorflow:loss = 3.3100634, step = 252
INFO:tensorflow:Saving checkpoints for 336 into ./results/comp_preprocessing/180603_3000_resnet_152_v2_ratio-crop_flip/model.ckpt.
INFO:tensorflow:Loss for final step: 3.5246365.
INFO:tensorflow:Calling model_fn.
INFO:tensorflow:Done calling model_fn.
INFO:tensorflow:Starting evaluation at 2018-06-02-16:31:21
INFO:tensorflow:Graph was finalized.
2018-06-02 16:31:22.701525: I tensorflow/core/common_runtime/gpu/gpu_device.cc:1423] Adding visible gpu devices: 0
2018-06-02 16:31:22.701591: I tensorflow/core/common_runtime/gpu/gpu_device.cc:911] Device interconnect StreamExecutor with strength 1 edge matrix:
2018-06-02 16:31:22.701602: I tensorflow/core/common_runtime/gpu/gpu_device.cc:917]      0 
2018-06-02 16:31:22.701609: I tensorflow/core/common_runtime/gpu/gpu_device.cc:930] 0:   N 
2018-06-02 16:31:22.701757: I tensorflow/core/common_runtime/gpu/gpu_device.cc:1041] Created TensorFlow device (/job:localhost/replica:0/task:0/device:GPU:0 with 10764 MB memory) -> physical GPU (device: 0, name: Tesla K80, pci bus id: 0000:00:1e.0, compute capability: 3.7)
INFO:tensorflow:Restoring parameters from ./results/comp_preprocessing/180603_3000_resnet_152_v2_ratio-crop_flip/model.ckpt-336
INFO:tensorflow:Running local_init_op.
INFO:tensorflow:Done running local_init_op.
INFO:tensorflow:Finished evaluation at 2018-06-02-16:31:36
INFO:tensorflow:Saving dict for global step 336: accuracy = 0.31944445, global_step = 336, loss = 347.6651
INFO:tensorflow:Calling model_fn.
INFO:tensorflow:Done calling model_fn.
INFO:tensorflow:Create CheckpointSaverHook.
INFO:tensorflow:Graph was finalized.
2018-06-02 16:31:50.262016: I tensorflow/core/common_runtime/gpu/gpu_device.cc:1423] Adding visible gpu devices: 0
2018-06-02 16:31:50.262097: I tensorflow/core/common_runtime/gpu/gpu_device.cc:911] Device interconnect StreamExecutor with strength 1 edge matrix:
2018-06-02 16:31:50.262110: I tensorflow/core/common_runtime/gpu/gpu_device.cc:917]      0 
2018-06-02 16:31:50.262117: I tensorflow/core/common_runtime/gpu/gpu_device.cc:930] 0:   N 
2018-06-02 16:31:50.262259: I tensorflow/core/common_runtime/gpu/gpu_device.cc:1041] Created TensorFlow device (/job:localhost/replica:0/task:0/device:GPU:0 with 10764 MB memory) -> physical GPU (device: 0, name: Tesla K80, pci bus id: 0000:00:1e.0, compute capability: 3.7)
INFO:tensorflow:Restoring parameters from ./results/comp_preprocessing/180603_3000_resnet_152_v2_ratio-crop_flip/model.ckpt-336
INFO:tensorflow:Running local_init_op.
INFO:tensorflow:Done running local_init_op.
INFO:tensorflow:Saving checkpoints for 337 into ./results/comp_preprocessing/180603_3000_resnet_152_v2_ratio-crop_flip/model.ckpt.
INFO:tensorflow:learning_rate = 0.0125, cross_entropy = 0.6275024, train_accuracy = 0.84375
INFO:tensorflow:loss = 3.6782756, step = 336
INFO:tensorflow:Saving checkpoints for 420 into ./results/comp_preprocessing/180603_3000_resnet_152_v2_ratio-crop_flip/model.ckpt.
INFO:tensorflow:Loss for final step: 3.257892.
INFO:tensorflow:Calling model_fn.
INFO:tensorflow:Done calling model_fn.
INFO:tensorflow:Starting evaluation at 2018-06-02-16:34:52
INFO:tensorflow:Graph was finalized.
2018-06-02 16:34:54.327801: I tensorflow/core/common_runtime/gpu/gpu_device.cc:1423] Adding visible gpu devices: 0
2018-06-02 16:34:54.327868: I tensorflow/core/common_runtime/gpu/gpu_device.cc:911] Device interconnect StreamExecutor with strength 1 edge matrix:
2018-06-02 16:34:54.327879: I tensorflow/core/common_runtime/gpu/gpu_device.cc:917]      0 
2018-06-02 16:34:54.327886: I tensorflow/core/common_runtime/gpu/gpu_device.cc:930] 0:   N 
2018-06-02 16:34:54.328032: I tensorflow/core/common_runtime/gpu/gpu_device.cc:1041] Created TensorFlow device (/job:localhost/replica:0/task:0/device:GPU:0 with 10764 MB memory) -> physical GPU (device: 0, name: Tesla K80, pci bus id: 0000:00:1e.0, compute capability: 3.7)
INFO:tensorflow:Restoring parameters from ./results/comp_preprocessing/180603_3000_resnet_152_v2_ratio-crop_flip/model.ckpt-420
INFO:tensorflow:Running local_init_op.
INFO:tensorflow:Done running local_init_op.
INFO:tensorflow:Finished evaluation at 2018-06-02-16:35:08
INFO:tensorflow:Saving dict for global step 420: accuracy = 0.16666667, global_step = 420, loss = 138.41919
INFO:tensorflow:Calling model_fn.
INFO:tensorflow:Done calling model_fn.
INFO:tensorflow:Create CheckpointSaverHook.
INFO:tensorflow:Graph was finalized.
2018-06-02 16:35:22.325157: I tensorflow/core/common_runtime/gpu/gpu_device.cc:1423] Adding visible gpu devices: 0
2018-06-02 16:35:22.325222: I tensorflow/core/common_runtime/gpu/gpu_device.cc:911] Device interconnect StreamExecutor with strength 1 edge matrix:
2018-06-02 16:35:22.325233: I tensorflow/core/common_runtime/gpu/gpu_device.cc:917]      0 
2018-06-02 16:35:22.325240: I tensorflow/core/common_runtime/gpu/gpu_device.cc:930] 0:   N 
2018-06-02 16:35:22.325373: I tensorflow/core/common_runtime/gpu/gpu_device.cc:1041] Created TensorFlow device (/job:localhost/replica:0/task:0/device:GPU:0 with 10764 MB memory) -> physical GPU (device: 0, name: Tesla K80, pci bus id: 0000:00:1e.0, compute capability: 3.7)
INFO:tensorflow:Restoring parameters from ./results/comp_preprocessing/180603_3000_resnet_152_v2_ratio-crop_flip/model.ckpt-420
INFO:tensorflow:Running local_init_op.
INFO:tensorflow:Done running local_init_op.
INFO:tensorflow:Saving checkpoints for 421 into ./results/comp_preprocessing/180603_3000_resnet_152_v2_ratio-crop_flip/model.ckpt.
INFO:tensorflow:learning_rate = 0.0125, cross_entropy = 0.23385306, train_accuracy = 0.9375
INFO:tensorflow:loss = 3.2786698, step = 420
INFO:tensorflow:Saving checkpoints for 504 into ./results/comp_preprocessing/180603_3000_resnet_152_v2_ratio-crop_flip/model.ckpt.
INFO:tensorflow:Loss for final step: 3.1820266.
INFO:tensorflow:Calling model_fn.
INFO:tensorflow:Done calling model_fn.
INFO:tensorflow:Starting evaluation at 2018-06-02-16:38:23
INFO:tensorflow:Graph was finalized.
2018-06-02 16:38:25.158361: I tensorflow/core/common_runtime/gpu/gpu_device.cc:1423] Adding visible gpu devices: 0
2018-06-02 16:38:25.158425: I tensorflow/core/common_runtime/gpu/gpu_device.cc:911] Device interconnect StreamExecutor with strength 1 edge matrix:
2018-06-02 16:38:25.158436: I tensorflow/core/common_runtime/gpu/gpu_device.cc:917]      0 
2018-06-02 16:38:25.158444: I tensorflow/core/common_runtime/gpu/gpu_device.cc:930] 0:   N 
2018-06-02 16:38:25.158583: I tensorflow/core/common_runtime/gpu/gpu_device.cc:1041] Created TensorFlow device (/job:localhost/replica:0/task:0/device:GPU:0 with 10764 MB memory) -> physical GPU (device: 0, name: Tesla K80, pci bus id: 0000:00:1e.0, compute capability: 3.7)
INFO:tensorflow:Restoring parameters from ./results/comp_preprocessing/180603_3000_resnet_152_v2_ratio-crop_flip/model.ckpt-504
INFO:tensorflow:Running local_init_op.
INFO:tensorflow:Done running local_init_op.
INFO:tensorflow:Finished evaluation at 2018-06-02-16:38:39
INFO:tensorflow:Saving dict for global step 504: accuracy = 0.15972222, global_step = 504, loss = 56.736904
INFO:tensorflow:Calling model_fn.
INFO:tensorflow:Done calling model_fn.
INFO:tensorflow:Create CheckpointSaverHook.
INFO:tensorflow:Graph was finalized.
2018-06-02 16:38:53.411894: I tensorflow/core/common_runtime/gpu/gpu_device.cc:1423] Adding visible gpu devices: 0
2018-06-02 16:38:53.411961: I tensorflow/core/common_runtime/gpu/gpu_device.cc:911] Device interconnect StreamExecutor with strength 1 edge matrix:
2018-06-02 16:38:53.411972: I tensorflow/core/common_runtime/gpu/gpu_device.cc:917]      0 
2018-06-02 16:38:53.411979: I tensorflow/core/common_runtime/gpu/gpu_device.cc:930] 0:   N 
2018-06-02 16:38:53.412121: I tensorflow/core/common_runtime/gpu/gpu_device.cc:1041] Created TensorFlow device (/job:localhost/replica:0/task:0/device:GPU:0 with 10764 MB memory) -> physical GPU (device: 0, name: Tesla K80, pci bus id: 0000:00:1e.0, compute capability: 3.7)
INFO:tensorflow:Restoring parameters from ./results/comp_preprocessing/180603_3000_resnet_152_v2_ratio-crop_flip/model.ckpt-504
INFO:tensorflow:Running local_init_op.
INFO:tensorflow:Done running local_init_op.
INFO:tensorflow:Saving checkpoints for 505 into ./results/comp_preprocessing/180603_3000_resnet_152_v2_ratio-crop_flip/model.ckpt.
INFO:tensorflow:learning_rate = 0.0125, cross_entropy = 0.025619324, train_accuracy = 1.0
INFO:tensorflow:loss = 3.0644941, step = 504
INFO:tensorflow:Saving checkpoints for 588 into ./results/comp_preprocessing/180603_3000_resnet_152_v2_ratio-crop_flip/model.ckpt.
INFO:tensorflow:Loss for final step: 3.441887.
INFO:tensorflow:Calling model_fn.
INFO:tensorflow:Done calling model_fn.
INFO:tensorflow:Starting evaluation at 2018-06-02-16:41:54
INFO:tensorflow:Graph was finalized.
2018-06-02 16:41:56.126596: I tensorflow/core/common_runtime/gpu/gpu_device.cc:1423] Adding visible gpu devices: 0
2018-06-02 16:41:56.126658: I tensorflow/core/common_runtime/gpu/gpu_device.cc:911] Device interconnect StreamExecutor with strength 1 edge matrix:
2018-06-02 16:41:56.126668: I tensorflow/core/common_runtime/gpu/gpu_device.cc:917]      0 
2018-06-02 16:41:56.126676: I tensorflow/core/common_runtime/gpu/gpu_device.cc:930] 0:   N 
2018-06-02 16:41:56.126817: I tensorflow/core/common_runtime/gpu/gpu_device.cc:1041] Created TensorFlow device (/job:localhost/replica:0/task:0/device:GPU:0 with 10764 MB memory) -> physical GPU (device: 0, name: Tesla K80, pci bus id: 0000:00:1e.0, compute capability: 3.7)
INFO:tensorflow:Restoring parameters from ./results/comp_preprocessing/180603_3000_resnet_152_v2_ratio-crop_flip/model.ckpt-588
INFO:tensorflow:Running local_init_op.
INFO:tensorflow:Done running local_init_op.
INFO:tensorflow:Finished evaluation at 2018-06-02-16:42:10
INFO:tensorflow:Saving dict for global step 588: accuracy = 0.22569445, global_step = 588, loss = 21.296673
INFO:tensorflow:Calling model_fn.
INFO:tensorflow:Done calling model_fn.
INFO:tensorflow:Create CheckpointSaverHook.
INFO:tensorflow:Graph was finalized.
2018-06-02 16:42:24.758751: I tensorflow/core/common_runtime/gpu/gpu_device.cc:1423] Adding visible gpu devices: 0
2018-06-02 16:42:24.758816: I tensorflow/core/common_runtime/gpu/gpu_device.cc:911] Device interconnect StreamExecutor with strength 1 edge matrix:
2018-06-02 16:42:24.758827: I tensorflow/core/common_runtime/gpu/gpu_device.cc:917]      0 
2018-06-02 16:42:24.758834: I tensorflow/core/common_runtime/gpu/gpu_device.cc:930] 0:   N 
2018-06-02 16:42:24.758991: I tensorflow/core/common_runtime/gpu/gpu_device.cc:1041] Created TensorFlow device (/job:localhost/replica:0/task:0/device:GPU:0 with 10764 MB memory) -> physical GPU (device: 0, name: Tesla K80, pci bus id: 0000:00:1e.0, compute capability: 3.7)
INFO:tensorflow:Restoring parameters from ./results/comp_preprocessing/180603_3000_resnet_152_v2_ratio-crop_flip/model.ckpt-588
INFO:tensorflow:Running local_init_op.
INFO:tensorflow:Done running local_init_op.
INFO:tensorflow:Saving checkpoints for 589 into ./results/comp_preprocessing/180603_3000_resnet_152_v2_ratio-crop_flip/model.ckpt.
INFO:tensorflow:learning_rate = 0.0125, cross_entropy = 0.055096213, train_accuracy = 0.96875
INFO:tensorflow:loss = 3.0880227, step = 588
INFO:tensorflow:Saving checkpoints for 672 into ./results/comp_preprocessing/180603_3000_resnet_152_v2_ratio-crop_flip/model.ckpt.
INFO:tensorflow:Loss for final step: 3.1064394.
INFO:tensorflow:Calling model_fn.
INFO:tensorflow:Done calling model_fn.
INFO:tensorflow:Starting evaluation at 2018-06-02-16:45:26
INFO:tensorflow:Graph was finalized.
2018-06-02 16:45:27.965590: I tensorflow/core/common_runtime/gpu/gpu_device.cc:1423] Adding visible gpu devices: 0
2018-06-02 16:45:27.965654: I tensorflow/core/common_runtime/gpu/gpu_device.cc:911] Device interconnect StreamExecutor with strength 1 edge matrix:
2018-06-02 16:45:27.965676: I tensorflow/core/common_runtime/gpu/gpu_device.cc:917]      0 
2018-06-02 16:45:27.965684: I tensorflow/core/common_runtime/gpu/gpu_device.cc:930] 0:   N 
2018-06-02 16:45:27.965828: I tensorflow/core/common_runtime/gpu/gpu_device.cc:1041] Created TensorFlow device (/job:localhost/replica:0/task:0/device:GPU:0 with 10764 MB memory) -> physical GPU (device: 0, name: Tesla K80, pci bus id: 0000:00:1e.0, compute capability: 3.7)
INFO:tensorflow:Restoring parameters from ./results/comp_preprocessing/180603_3000_resnet_152_v2_ratio-crop_flip/model.ckpt-672
INFO:tensorflow:Running local_init_op.
INFO:tensorflow:Done running local_init_op.
INFO:tensorflow:Finished evaluation at 2018-06-02-16:45:42
INFO:tensorflow:Saving dict for global step 672: accuracy = 0.42708334, global_step = 672, loss = 11.3423
INFO:tensorflow:Calling model_fn.
INFO:tensorflow:Done calling model_fn.
INFO:tensorflow:Create CheckpointSaverHook.
INFO:tensorflow:Graph was finalized.
2018-06-02 16:45:56.320227: I tensorflow/core/common_runtime/gpu/gpu_device.cc:1423] Adding visible gpu devices: 0
2018-06-02 16:45:56.320290: I tensorflow/core/common_runtime/gpu/gpu_device.cc:911] Device interconnect StreamExecutor with strength 1 edge matrix:
2018-06-02 16:45:56.320301: I tensorflow/core/common_runtime/gpu/gpu_device.cc:917]      0 
2018-06-02 16:45:56.320308: I tensorflow/core/common_runtime/gpu/gpu_device.cc:930] 0:   N 
2018-06-02 16:45:56.320441: I tensorflow/core/common_runtime/gpu/gpu_device.cc:1041] Created TensorFlow device (/job:localhost/replica:0/task:0/device:GPU:0 with 10764 MB memory) -> physical GPU (device: 0, name: Tesla K80, pci bus id: 0000:00:1e.0, compute capability: 3.7)
INFO:tensorflow:Restoring parameters from ./results/comp_preprocessing/180603_3000_resnet_152_v2_ratio-crop_flip/model.ckpt-672
INFO:tensorflow:Running local_init_op.
INFO:tensorflow:Done running local_init_op.
INFO:tensorflow:Saving checkpoints for 673 into ./results/comp_preprocessing/180603_3000_resnet_152_v2_ratio-crop_flip/model.ckpt.
INFO:tensorflow:learning_rate = 0.0125, cross_entropy = 0.020789513, train_accuracy = 1.0
INFO:tensorflow:loss = 3.0477207, step = 672
INFO:tensorflow:Saving checkpoints for 756 into ./results/comp_preprocessing/180603_3000_resnet_152_v2_ratio-crop_flip/model.ckpt.
INFO:tensorflow:Loss for final step: 3.092118.
INFO:tensorflow:Calling model_fn.
INFO:tensorflow:Done calling model_fn.
INFO:tensorflow:Starting evaluation at 2018-06-02-16:48:58
INFO:tensorflow:Graph was finalized.
2018-06-02 16:49:00.263416: I tensorflow/core/common_runtime/gpu/gpu_device.cc:1423] Adding visible gpu devices: 0
2018-06-02 16:49:00.263482: I tensorflow/core/common_runtime/gpu/gpu_device.cc:911] Device interconnect StreamExecutor with strength 1 edge matrix:
2018-06-02 16:49:00.263492: I tensorflow/core/common_runtime/gpu/gpu_device.cc:917]      0 
2018-06-02 16:49:00.263500: I tensorflow/core/common_runtime/gpu/gpu_device.cc:930] 0:   N 
2018-06-02 16:49:00.263647: I tensorflow/core/common_runtime/gpu/gpu_device.cc:1041] Created TensorFlow device (/job:localhost/replica:0/task:0/device:GPU:0 with 10764 MB memory) -> physical GPU (device: 0, name: Tesla K80, pci bus id: 0000:00:1e.0, compute capability: 3.7)
INFO:tensorflow:Restoring parameters from ./results/comp_preprocessing/180603_3000_resnet_152_v2_ratio-crop_flip/model.ckpt-756
INFO:tensorflow:Running local_init_op.
INFO:tensorflow:Done running local_init_op.
INFO:tensorflow:Finished evaluation at 2018-06-02-16:49:14
INFO:tensorflow:Saving dict for global step 756: accuracy = 0.4340278, global_step = 756, loss = 6.959517
INFO:tensorflow:Calling model_fn.
INFO:tensorflow:Done calling model_fn.
INFO:tensorflow:Create CheckpointSaverHook.
INFO:tensorflow:Graph was finalized.
2018-06-02 16:49:28.820949: I tensorflow/core/common_runtime/gpu/gpu_device.cc:1423] Adding visible gpu devices: 0
2018-06-02 16:49:28.821014: I tensorflow/core/common_runtime/gpu/gpu_device.cc:911] Device interconnect StreamExecutor with strength 1 edge matrix:
2018-06-02 16:49:28.821035: I tensorflow/core/common_runtime/gpu/gpu_device.cc:917]      0 
2018-06-02 16:49:28.821043: I tensorflow/core/common_runtime/gpu/gpu_device.cc:930] 0:   N 
2018-06-02 16:49:28.821190: I tensorflow/core/common_runtime/gpu/gpu_device.cc:1041] Created TensorFlow device (/job:localhost/replica:0/task:0/device:GPU:0 with 10764 MB memory) -> physical GPU (device: 0, name: Tesla K80, pci bus id: 0000:00:1e.0, compute capability: 3.7)
INFO:tensorflow:Restoring parameters from ./results/comp_preprocessing/180603_3000_resnet_152_v2_ratio-crop_flip/model.ckpt-756
INFO:tensorflow:Running local_init_op.
INFO:tensorflow:Done running local_init_op.
INFO:tensorflow:Saving checkpoints for 757 into ./results/comp_preprocessing/180603_3000_resnet_152_v2_ratio-crop_flip/model.ckpt.
INFO:tensorflow:learning_rate = 0.0125, cross_entropy = 0.018345442, train_accuracy = 1.0
INFO:tensorflow:loss = 3.0392108, step = 756
INFO:tensorflow:Saving checkpoints for 840 into ./results/comp_preprocessing/180603_3000_resnet_152_v2_ratio-crop_flip/model.ckpt.
INFO:tensorflow:Loss for final step: 3.0623584.
INFO:tensorflow:Calling model_fn.
INFO:tensorflow:Done calling model_fn.
INFO:tensorflow:Starting evaluation at 2018-06-02-16:52:30
INFO:tensorflow:Graph was finalized.
2018-06-02 16:52:31.959039: I tensorflow/core/common_runtime/gpu/gpu_device.cc:1423] Adding visible gpu devices: 0
2018-06-02 16:52:31.959104: I tensorflow/core/common_runtime/gpu/gpu_device.cc:911] Device interconnect StreamExecutor with strength 1 edge matrix:
2018-06-02 16:52:31.959119: I tensorflow/core/common_runtime/gpu/gpu_device.cc:917]      0 
2018-06-02 16:52:31.959127: I tensorflow/core/common_runtime/gpu/gpu_device.cc:930] 0:   N 
2018-06-02 16:52:31.959279: I tensorflow/core/common_runtime/gpu/gpu_device.cc:1041] Created TensorFlow device (/job:localhost/replica:0/task:0/device:GPU:0 with 10764 MB memory) -> physical GPU (device: 0, name: Tesla K80, pci bus id: 0000:00:1e.0, compute capability: 3.7)
INFO:tensorflow:Restoring parameters from ./results/comp_preprocessing/180603_3000_resnet_152_v2_ratio-crop_flip/model.ckpt-840
INFO:tensorflow:Running local_init_op.
INFO:tensorflow:Done running local_init_op.
INFO:tensorflow:Finished evaluation at 2018-06-02-16:52:46
INFO:tensorflow:Saving dict for global step 840: accuracy = 0.6319444, global_step = 840, loss = 4.5989437
['--data_dir=/data/tfrecord/sample_3000', '--model_dir=./results/comp_preprocessing/180603_3000_resnet_152_v2_ratio-crop_flip', '--train_epochs=10', '--epochs_between_evals=1', '--stop_threshold=0.99', '--batch_size=32', '--version=2', '--resnet_size=152', '--multi_gpu=False']
<class 'argparse.Namespace'>
Namespace(batch_size=32, benchmark_log_dir=None, bigquery_data_set='test_benchmark', bigquery_metric_table='benchmark_metric', bigquery_run_table='benchmark_run', data_dir='/data/tfrecord/sample_3000', data_format=None, dtype=tf.float32, epochs_between_evals=1, export_dir=None, gcp_project=None, hooks=['LoggingTensorHook'], inter_op_parallelism_threads=0, intra_op_parallelism_threads=0, loss_scale=1, max_train_steps=None, model_dir='./results/comp_preprocessing/180603_3000_resnet_152_v2_ratio-crop_flip', multi_gpu=True, num_gpus=1, num_parallel_calls=5, resnet_size=152, stop_threshold=0.99, train_epochs=10, use_synthetic_data=False, version=2)
Starting a training cycle.
{'classes': <tf.Tensor 'ArgMax:0' shape=(?,) dtype=int64>, 'probabilities': <tf.Tensor 'softmax_tensor:0' shape=(?, 7) dtype=float32>}
Starting to evaluate.
{'classes': <tf.Tensor 'ArgMax:0' shape=(?,) dtype=int64>, 'probabilities': <tf.Tensor 'softmax_tensor:0' shape=(?, 7) dtype=float32>}
{'accuracy': 0.2048611, 'loss': 48250916.0, 'global_step': 84}
Starting a training cycle.
{'classes': <tf.Tensor 'ArgMax:0' shape=(?,) dtype=int64>, 'probabilities': <tf.Tensor 'softmax_tensor:0' shape=(?, 7) dtype=float32>}
Starting to evaluate.
{'classes': <tf.Tensor 'ArgMax:0' shape=(?,) dtype=int64>, 'probabilities': <tf.Tensor 'softmax_tensor:0' shape=(?, 7) dtype=float32>}
{'accuracy': 0.2048611, 'loss': 126991.11, 'global_step': 168}
Starting a training cycle.
{'classes': <tf.Tensor 'ArgMax:0' shape=(?,) dtype=int64>, 'probabilities': <tf.Tensor 'softmax_tensor:0' shape=(?, 7) dtype=float32>}
Starting to evaluate.
{'classes': <tf.Tensor 'ArgMax:0' shape=(?,) dtype=int64>, 'probabilities': <tf.Tensor 'softmax_tensor:0' shape=(?, 7) dtype=float32>}
{'accuracy': 0.2048611, 'loss': 7472.5547, 'global_step': 252}
Starting a training cycle.
{'classes': <tf.Tensor 'ArgMax:0' shape=(?,) dtype=int64>, 'probabilities': <tf.Tensor 'softmax_tensor:0' shape=(?, 7) dtype=float32>}
Starting to evaluate.
{'classes': <tf.Tensor 'ArgMax:0' shape=(?,) dtype=int64>, 'probabilities': <tf.Tensor 'softmax_tensor:0' shape=(?, 7) dtype=float32>}
{'accuracy': 0.31944445, 'loss': 347.6651, 'global_step': 336}
Starting a training cycle.
{'classes': <tf.Tensor 'ArgMax:0' shape=(?,) dtype=int64>, 'probabilities': <tf.Tensor 'softmax_tensor:0' shape=(?, 7) dtype=float32>}
Starting to evaluate.
{'classes': <tf.Tensor 'ArgMax:0' shape=(?,) dtype=int64>, 'probabilities': <tf.Tensor 'softmax_tensor:0' shape=(?, 7) dtype=float32>}
{'accuracy': 0.16666667, 'loss': 138.41919, 'global_step': 420}
Starting a training cycle.
{'classes': <tf.Tensor 'ArgMax:0' shape=(?,) dtype=int64>, 'probabilities': <tf.Tensor 'softmax_tensor:0' shape=(?, 7) dtype=float32>}
Starting to evaluate.
{'classes': <tf.Tensor 'ArgMax:0' shape=(?,) dtype=int64>, 'probabilities': <tf.Tensor 'softmax_tensor:0' shape=(?, 7) dtype=float32>}
{'accuracy': 0.15972222, 'loss': 56.736904, 'global_step': 504}
Starting a training cycle.
{'classes': <tf.Tensor 'ArgMax:0' shape=(?,) dtype=int64>, 'probabilities': <tf.Tensor 'softmax_tensor:0' shape=(?, 7) dtype=float32>}
Starting to evaluate.
{'classes': <tf.Tensor 'ArgMax:0' shape=(?,) dtype=int64>, 'probabilities': <tf.Tensor 'softmax_tensor:0' shape=(?, 7) dtype=float32>}
{'accuracy': 0.22569445, 'loss': 21.296673, 'global_step': 588}
Starting a training cycle.
{'classes': <tf.Tensor 'ArgMax:0' shape=(?,) dtype=int64>, 'probabilities': <tf.Tensor 'softmax_tensor:0' shape=(?, 7) dtype=float32>}
Starting to evaluate.
{'classes': <tf.Tensor 'ArgMax:0' shape=(?,) dtype=int64>, 'probabilities': <tf.Tensor 'softmax_tensor:0' shape=(?, 7) dtype=float32>}
{'accuracy': 0.42708334, 'loss': 11.3423, 'global_step': 672}
Starting a training cycle.
{'classes': <tf.Tensor 'ArgMax:0' shape=(?,) dtype=int64>, 'probabilities': <tf.Tensor 'softmax_tensor:0' shape=(?, 7) dtype=float32>}
Starting to evaluate.
{'classes': <tf.Tensor 'ArgMax:0' shape=(?,) dtype=int64>, 'probabilities': <tf.Tensor 'softmax_tensor:0' shape=(?, 7) dtype=float32>}
{'accuracy': 0.4340278, 'loss': 6.959517, 'global_step': 756}
Starting a training cycle.
{'classes': <tf.Tensor 'ArgMax:0' shape=(?,) dtype=int64>, 'probabilities': <tf.Tensor 'softmax_tensor:0' shape=(?, 7) dtype=float32>}
Starting to evaluate.
{'classes': <tf.Tensor 'ArgMax:0' shape=(?,) dtype=int64>, 'probabilities': <tf.Tensor 'softmax_tensor:0' shape=(?, 7) dtype=float32>}
{'accuracy': 0.6319444, 'loss': 4.5989437, 'global_step': 840}
